<?xml version="1.0" encoding="UTF-8"?>
<coverage generated="1704945584834" clover="3.2.0">
  <project timestamp="1704945584834" name="All files">
    <metrics statements="13" coveredstatements="13" conditionals="0" coveredconditionals="0" methods="6" coveredmethods="6" elements="19" coveredelements="19" complexity="0" loc="13" ncloc="13" packages="1" files="1" classes="1"/>
    <file name="translator.js" path="/Users/lalithaseshadri/nology-git/wales/lalitha-morse-code/scripts/translator/translator.js">
      <metrics statements="13" coveredstatements="13" conditionals="0" coveredconditionals="0" methods="6" coveredmethods="6"/>
      <line num="1" count="1" type="stmt"/>
      <line num="62" count="1" type="stmt"/>
      <line num="63" count="3" type="stmt"/>
      <line num="64" count="3" type="stmt"/>
      <line num="65" count="3" type="stmt"/>
      <line num="66" count="30" type="stmt"/>
      <line num="69" count="3" type="stmt"/>
      <line num="75" count="1" type="stmt"/>
      <line num="76" count="3" type="stmt"/>
      <line num="77" count="3" type="stmt"/>
      <line num="78" count="31" type="stmt"/>
      <line num="81" count="3" type="stmt"/>
      <line num="86" count="688" type="stmt"/>
    </file>
  </project>
</coverage>
