{"/Users/lalithaseshadri/nology-git/wales/lalitha-morse-code/scripts/translator/translator.js": {"path":"/Users/lalithaseshadri/nology-git/wales/lalitha-morse-code/scripts/translator/translator.js","statementMap":{"0":{"start":{"line":1,"column":21},"end":{"line":59,"column":2}},"1":{"start":{"line":62,"column":29},"end":{"line":71,"column":1}},"2":{"start":{"line":63,"column":27},"end":{"line":63,"column":47}},"3":{"start":{"line":64,"column":20},"end":{"line":64,"column":44}},"4":{"start":{"line":65,"column":21},"end":{"line":67,"column":6}},"5":{"start":{"line":66,"column":8},"end":{"line":66,"column":36}},"6":{"start":{"line":69,"column":4},"end":{"line":69,"column":30}},"7":{"start":{"line":75,"column":26},"end":{"line":82,"column":1}},"8":{"start":{"line":76,"column":20},"end":{"line":76,"column":39}},"9":{"start":{"line":77,"column":19},"end":{"line":79,"column":6}},"10":{"start":{"line":78,"column":8},"end":{"line":78,"column":39}},"11":{"start":{"line":81,"column":4},"end":{"line":81,"column":27}},"12":{"start":{"line":86,"column":4},"end":{"line":86,"column":84}},"13":{"start":{"line":86,"column":49},"end":{"line":86,"column":82}}},"fnMap":{"0":{"name":"(anonymous_0)","decl":{"start":{"line":62,"column":29},"end":{"line":62,"column":30}},"loc":{"start":{"line":62,"column":40},"end":{"line":71,"column":1}},"line":62},"1":{"name":"(anonymous_1)","decl":{"start":{"line":65,"column":33},"end":{"line":65,"column":34}},"loc":{"start":{"line":65,"column":43},"end":{"line":67,"column":5}},"line":65},"2":{"name":"(anonymous_2)","decl":{"start":{"line":75,"column":26},"end":{"line":75,"column":27}},"loc":{"start":{"line":75,"column":40},"end":{"line":82,"column":1}},"line":75},"3":{"name":"(anonymous_3)","decl":{"start":{"line":77,"column":31},"end":{"line":77,"column":32}},"loc":{"start":{"line":77,"column":41},"end":{"line":79,"column":5}},"line":77},"4":{"name":"findAlphaLetter","decl":{"start":{"line":85,"column":9},"end":{"line":85,"column":24}},"loc":{"start":{"line":85,"column":38},"end":{"line":87,"column":1}},"line":85},"5":{"name":"(anonymous_5)","decl":{"start":{"line":86,"column":42},"end":{"line":86,"column":43}},"loc":{"start":{"line":86,"column":49},"end":{"line":86,"column":82}},"line":86}},"branchMap":{},"s":{"0":1,"1":1,"2":3,"3":3,"4":3,"5":30,"6":3,"7":1,"8":3,"9":3,"10":31,"11":3,"12":31,"13":688},"f":{"0":3,"1":30,"2":3,"3":31,"4":31,"5":688},"b":{},"_coverageSchema":"1a1c01bbd47fc00a2c39e90264f33305004495a9","hash":"67a1b030a39e94ce3ed551b09f71864a55fc9a49"}
}
